LOADING MPSX D:\DOWNLOADS\LP\CÛPIA DE TESTE (57000).MAT
D:\DOWNLOADS\LP\CÛPIA DE TESTE (57000).MAT  0.00000000000000E+0000       0     0' 0.0"     0       0
D:\DOWNLOADS\LP\CÛPIA DE TESTE (57000).MAT  0.00000000000000E+0000       0     0' 0.0"     0       0
LOADING MPSX D:\DOWNLOADS\LP\CÛPIA DE TESTE (57000).MAT
LOADING MPSX D:\DOWNLOADS\LP\CÛPIA DE TESTE (57000).MAT
D:\DOWNLOADS\LP\CÛPIA DE TESTE (57000).MAT  4.62208420000000E+0008   17317     6'44.9" 13457   30719
LOADING MPSX D:\DOWNLOADS\LP\CÛPIA DE TESTE (57000).MAT
Solution cancelled
D:\DOWNLOADS\LP\CÛPIA DE TESTE (57000).MAT -1.00000000000000E-0008    1580     0'17.2"  1580    3165 INFEASIBLE 8971  3.10011428923000E+0011
LOADING MPSX D:\DOWNLOADS\LP\CÛPIA DE TESTE (57000).MAT
D:\DOWNLOADS\LP\CÛPIA DE TESTE (57000).MAT  4.62208420000000E+0008   15668     5'58.7" 13884   31119
Solution cancelled
Iteration finished: Searched nodes 4 time=3'44.0"
D:\DOWNLOADS\LP\CÛPIA DE TESTE (57000).MAT  4.62208420000000E+0008   18290     3'44.0" 13663   30627
LOADING MPSX D:\DOWNLOADS\LP\LP_EXAMPLE\SOS_TEST.MAT
D:\DOWNLOADS\LP\LP_EXAMPLE\SOS_TEST.MAT  1.58000000000000E+0001       9     0' 0.0"     8      26
LOADING MPSX D:\DOWNLOADS\LP\TESTE.MAT
D:\DOWNLOADS\LP\TESTE.MAT             6.37500000000000E+0001       4     0' 0.0"     6      21
LOADING MPSX D:\LP\TESTE.MAT
D:\LP\TESTE.MAT                       9.00840000000000E+0004       7     0' 0.0"     8      33
D:\LP\TESTE.MAT                       9.00840000000000E+0004       7     0' 0.0"     8      33
D:\LP\TESTE.MAT                       6.37500000000000E+0001      10     0' 0.0"    10      45
LOADING MPSX D:\LP\CÛPIA DE TESTE (57000).MAT
D:\LP\CÛPIA DE TESTE (57000).MAT      4.62208420000000E+0008   13408     5'22.3" 13352   29926 INFEASIBLE 1  4.69916754397559E-0008
LOADING MPSX D:\LP\CÛPIA DE TESTE (57000).MAT
Solution cancelled
D:\LP\CÛPIA DE TESTE (57000).MAT      4.30739358826011E+0007    7480     1'57.9"  8259  235088 INFEASIBLE 3757  1.34064743863947E+0011
LOADING MPSX D:\LP\CÛPIA DE TESTE (57000).MAT
Solution cancelled
D:\LP\CÛPIA DE TESTE (57000).MAT      4.37044668109425E+0007    7050     1'52.8"  7841  461084 INFEASIBLE 3849  1.41315479284624E+0011
LOADING MPSX D:\LP\CÛPIA DE TESTE (57000).MAT
LOADING MPSX D:\LP\TESTE.MAT
D:\LP\TESTE.MAT                       9.00840000000000E+0004       7     0' 0.0"     8      33
LOADING MPSX D:\LP\CÛPIA DE TESTE (57000).MAT
Solution cancelled
D:\LP\CÛPIA DE TESTE (57000).MAT      9.24982566492297E+0007    9090     2'37.1" 10520  166608 INFEASIBLE 2226  8.82253373614687E+0010
LOADING MPSX D:\LP\CÛPIA DE TESTE (57000).MAT
D:\LP\CÛPIA DE TESTE (57000).MAT      1.88164115567759E+0007    6433     1'27.5"  7048   17331 INFEASIBLE 4337  1.52891418926358E+0011
LOADING MPSX D:\LP\TESTE.MAT
D:\LP\TESTE.MAT                       9.00840000000000E+0004       7     0' 0.0"     8      33
LOADING MPSX D:\LP\CÛPIA DE TESTE (57000).MAT
D:\LP\CÛPIA DE TESTE (57000).MAT      4.62208420000000E+0008   12556     4'12.5" 13503   30386
D:\LP\CÛPIA DE TESTE (57000).MAT      4.62208420000000E+0008   12556     2' 6.3" 13503   30386
D:\LP\CÛPIA DE TESTE (57000).MAT     -0.00000000000000E+0000   12625     2'16.9" 13678   31010
D:\LP\CÛPIA DE TESTE (57000).MAT     -0.00000000000000E+0000   12625     2'11.6" 13678   31010
LOADING MPSX D:\LP\CÛPIA DE TESTE (57000).MAT
Solution cancelled
D:\LP\CÛPIA DE TESTE (57000).MAT     -1.22845414195334E-0008    5300     0'57.3"  5294   13021 INFEASIBLE 5261  1.70656927023000E+0011
LOADING MPSX D:\LP\CÛPIA DE TESTE (57000).MAT
D:\LP\CÛPIA DE TESTE (57000).MAT      4.62208420000000E+0008   14339     5'23.5" 13519   31701
LOADING MPSX D:\LP\TESTE.MAT
D:\LP\TESTE.MAT                       9.00840000000000E+0004       7     0' 0.0"     8      33
LOADING MPSX D:\LP\TESTE.MAT
D:\LP\TESTE.MAT                       9.00840000000000E+0004       7     0' 0.0"     8      33
LOADING MPSX D:\LP\TESTE.MAT
D:\LP\TESTE.MAT                       9.00840000000000E+0004       7     0' 0.0"     8      33
LOADING MPSX D:\LP\TESTE.MAT
D:\LP\TESTE.MAT                       9.00840000000000E+0004       7     0' 0.0"     8      33
LOADING MPSX D:\LP\TESTE.MAT
D:\LP\TESTE.MAT                       9.00840000000000E+0004       7     0' 0.0"     8      33
LOADING MPSX D:\LP\CÛPIA DE TESTE (57000).MAT
D:\LP\CÛPIA DE TESTE (57000).MAT      4.62208420000000E+0008   15732     6'26.6" 13469   30651
LOADING MPSX D:\LP\TESTE.MAT
D:\LP\TESTE.MAT                       9.00840000000000E+0004       7     0' 0.0"     8      33
LOADING MPSX D:\LP\CÛPIA DE TESTE (57000).MAT
D:\LP\CÛPIA DE TESTE (57000).MAT      1.58267173263769E+0008    9593     2'58.0" 11205   26849 INFEASIBLE 1887  8.18216586281861E+0010
LOADING MPSX D:\LP\CÛPIA DE TESTE (57000).MAT
LOADING MPSX D:\LP\CÛPIA DE TESTE (57000).MAT
D:\LP\CÛPIA DE TESTE (57000).MAT      4.62208420000000E+0008   16656     7'11.1" 13788   33270
LOADING MPSX D:\LP\CÛPIA DE TESTE (57000).MAT
D:\LP\CÛPIA DE TESTE (57000).MAT      4.62208420000000E+0008   18287     8'48.3" 14149   31123
LOADING MPSX D:\LP\CÛPIA DE TESTE (57000).MAT
Solution cancelled
D:\LP\CÛPIA DE TESTE (57000).MAT     -1.00000000000000E-0008     630     0' 8.5"   630    1260 INFEASIBLE 9921  3.27840188015000E+0011
D:\LP\CÛPIA DE TESTE (57000).MAT     -1.00000000000000E-0008    1314     0'13.4"  1314    2628 INFEASIBLE 9237  3.09974150507000E+0011
LOADING MPSX D:\LP\CÛPIA DE TESTE (57000).MAT
D:\LP\CÛPIA DE TESTE (57000).MAT      4.62208420000000E+0008   13059     4'51.5" 13284   29664
LOADING MPSX D:\LP\TESTE.MAT
D:\LP\TESTE.MAT                       9.00840000000000E+0004       7     0' 0.0"     8      33
Searched 0 Open 0 time=0' 0.0" 90084.000001 90084 90084 INT SOLUTION FOUND 90084
Iteration finished: Searched nodes 0 time=0' 0.0"
INT SOLUTION FOUND
LOADING MPSX D:\LP\TESTE.MAT
D:\LP\TESTE.MAT                       9.00840000000000E+0004       7     0' 0.0"     8      33
Searched 0 Open 0 time=0' 0.0" 90084.000001 90084 90084 INT SOLUTION FOUND 90084
Iteration finished: Searched nodes 0 time=0' 0.0"
INT SOLUTION FOUND
LOADING MPSX D:\LP\TESTE.MAT
D:\LP\TESTE.MAT                       9.00840000000000E+0004       7     0' 0.0"     8      33
Searched 0 Open 0 time=0' 0.0" 90084.000001 90084 90084 INT SOLUTION FOUND 90084
Iteration finished: Searched nodes 0 time=0' 0.0"
INT SOLUTION FOUND
Searched 0 Open 0 time=0' 0.1" 90084.000001 90084 90084 INT SOLUTION FOUND 90084
Iteration finished: Searched nodes 0 time=0' 0.1"
INT SOLUTION FOUND
D:\LP\TESTE.MAT                       9.00840000000000E+0004      14     0' 0.1"     8      33
LOADING MPSX D:\LP\TESTE.MAT
LOADING MPSX D:\LP\CÛPIA DE TESTE (57000).MAT
Searched 14 Open 4 time=3'32.2" 462208420 462208420 462208420 INT SOLUTION FOUND 462208420
4 NODES CUT
Iteration finished: Searched nodes 14 time=3'33.2"
INT SOLUTION FOUND
xxx xxx\xxx.mps                       0.00000000000000E+0000       0     0' 0.0"     0       0
xxx xxx\xxx.mps                       0.00000000000000E+0000       0     0' 0.0"     0       0
LOADING MPSX D:\LP\TESTE.MAT
D:\LP\TESTE.MAT                       9.00840000000000E+0004       7     0' 0.0"     8      33
LOADING MPSX D:\LP\teste.mat
D:\LP\teste.mat                       9.00840000000000E+0004       7     0' 0.0"     8      33
LOADING MPSX D:\LP\teste.mat
D:\LP\teste.mat                       9.00880000000000E+0004       7     0' 0.0"     8      33
LOADING MPSX D:\LP\teste.mat
D:\LP\teste.mat                       9.00840000000000E+0004       7     0' 0.0"     8      33
LOADING MPSX D:\LP\teste.mat
D:\LP\teste.mat                       9.00880000000000E+0004       7     0' 0.0"     8      33
LOADING MPSX D:\LP\teste.mat
D:\LP\teste.mat                       9.40800000000000E+0004       6     0' 0.0"     7      27
LOADING MPSX D:\LP\teste.mat
D:\LP\teste.mat                       8.75800000000000E+0004       6     0' 0.0"     7      27
CÛpia de Teste (57000).mps            0.00000000000000E+0000       0     0' 0.0"     0       0
Teste (57000).mps                     0.00000000000000E+0000       0     0' 0.0"     0       0
LOADING MPSX D:\LP\Teste (57000).mps
LOADING MPSX D:\LP\Teste (57000).mps
LOADING MPSX D:\LP\Teste (57000).mps
LOADING MPSX D:\LP\Teste (57000).mps
D:\LP\Teste (57000).mps               1.38662525999999E+0013   12005     6'26.0" 14448  932009
LOADING MPSX D:\LP\Teste (57000).mps
D:\LP\Teste (57000).mps               7.23974399297118E-0007   12345     7' 6.7" 14574  467293
LOADING MPSX F:\Projetos\Hidrologia\Programas\Redes\Propagar 3.0\Bin\temp\Modelo.MPS
F:\Projetos\Hidrologia\Programas\Redes\Propagar 3.0\Bin\temp\Modelo.MPS  8.94218050505050E+0006      25     0' 0.0"    25     140
LOADING MPSX F:\Projetos\Hidrologia\Programas\Redes\Propagar 3.0\Bin\temp\Modelo.MPS
F:\Projetos\Hidrologia\Programas\Redes\Propagar 3.0\Bin\temp\Modelo.MPS  0.00000000000000E+0000       0     0' 0.0"     0       0
LOADING MPSX F:\Projetos\Hidrologia\Programas\Redes\Propagar 3.0\Bin\temp\Modelo.MPS
F:\Projetos\Hidrologia\Programas\Redes\Propagar 3.0\Bin\temp\Modelo.MPS  0.00000000000000E+0000       0     0' 0.0"     0       0
LOADING MPSX F:\Projetos\Hidrologia\Programas\Redes\Propagar 3.0\Bin\temp\Modelo.MPS
F:\Projetos\Hidrologia\Programas\Redes\Propagar 3.0\Bin\temp\Modelo.MPS  0.00000000000000E+0000       0     0' 0.0"     0       0
LOADING MPSX F:\Projetos\Hidrologia\Programas\Redes\Propagar 3.0\Bin\temp\Modelo.MPS
F:\Projetos\Hidrologia\Programas\Redes\Propagar 3.0\Bin\temp\Modelo.MPS  8.94218050505050E+0006      25     0' 0.0"    25     140
LOADING MPSX F:\Projetos\Hidrologia\Programas\Redes\Propagar 3.0\Bin\temp\Modelo.MPS
F:\Projetos\Hidrologia\Programas\Redes\Propagar 3.0\Bin\temp\Modelo.MPS  0.00000000000000E+0000       0     0' 0.0"     0       0
LOADING MPSX F:\Projetos\Hidrologia\Programas\Redes\Propagar 3.0\Bin\temp\Modelo.MPS
F:\Projetos\Hidrologia\Programas\Redes\Propagar 3.0\Bin\temp\Modelo.MPS  1.78020931329570E-0010   17242     6' 7.1" 16564  734708
LOADING MPSX F:\Projetos\Hidrologia\Programas\Redes\Propagar 3.0\Bin\temp\Modelo.MPS
